<?xml version="1.0" encoding="UTF-8"?>
<!-- Generated by org.testng.reporters.JUnitReportReporter -->
<testsuite hostname="DESKTOP-AUQI9P7" failures="0" tests="8" name="com.Scripts.SimpleFormPageTest" time="6.336" errors="0" timestamp="2021-08-20T15:10:44 IST" skipped="0">
  <testcase classname="com.Scripts.SimpleFormPageTest" name="TC_ID_100_VerifySimpleFormDemoPageIsDisplayed" time="1.880"/>
  <system-out/>
  <testcase classname="com.Scripts.SimpleFormPageTest" name="TC_ID_101_SingleInputFieldSectionMsgIsDisplayed" time="0.498"/>
  <system-out/>
  <testcase classname="com.Scripts.SimpleFormPageTest" name="TC_ID_102_verifyBootstrapAlertPageIsDisplayed" time="1.298"/>
  <system-out/>
  <testcase classname="com.Scripts.SimpleFormPageTest" name="TC_ID_103_VerifyAutocloseableSuccessMsgIsDisplayed" time="0.282"/>
  <system-out/>
  <testcase classname="com.Scripts.SimpleFormPageTest" name="TC_ID_104_VerifyNormalSuccessMsgIsDisplayed" time="0.179"/>
  <system-out/>
  <testcase classname="com.Scripts.SimpleFormPageTest" name="TC_ID_105_verifyAutocloseableWarningMessageIsDisplayed" time="0.110"/>
  <system-out/>
  <testcase classname="com.Scripts.SimpleFormPageTest" name="TC_ID_106_verifyCheckBoxDemoPageIsDisplayed" time="1.770"/>
  <system-out/>
  <testcase classname="com.Scripts.SimpleFormPageTest" name="TC_ID_108_SingleCheckBoxIsSelected" time="0.319"/>
  <system-out/>
</testsuite> <!-- com.Scripts.SimpleFormPageTest -->
