<?xml version="1.0" encoding="UTF-8"?>
<!-- Generated by org.testng.reporters.JUnitReportReporter -->
<testsuite hostname="DESKTOP-AUQI9P7" failures="0" tests="8" name="com.Scripts.SimpleFormTest" time="3.802" errors="0" timestamp="2021-08-23T15:47:18 IST" skipped="0">
  <testcase classname="com.Scripts.SimpleFormTest" name="TC_ID_100_VerifySimpleFormDemoPageIsDisplayed" time="1.185"/>
  <system-out/>
  <testcase classname="com.Scripts.SimpleFormTest" name="TC_ID_101_VerifySingleInputFieldSectionMsgIsDisplayed" time="0.579"/>
  <system-out/>
  <testcase classname="com.Scripts.SimpleFormTest" name="TC_ID_102_verifyBootstrapAlertPageIsDisplayed" time="0.635"/>
  <system-out/>
  <testcase classname="com.Scripts.SimpleFormTest" name="TC_ID_103_VerifyAutocloseableSuccessMsgIsDisplayed" time="0.259"/>
  <system-out/>
  <testcase classname="com.Scripts.SimpleFormTest" name="TC_ID_104_VerifyNormalSuccessMsgIsDisplayed" time="0.162"/>
  <system-out/>
  <testcase classname="com.Scripts.SimpleFormTest" name="TC_ID_105_verifyAutocloseableWarningMessageIsDisplayed" time="0.144"/>
  <system-out/>
  <testcase classname="com.Scripts.SimpleFormTest" name="TC_ID_106_verifyCheckBoxDemoPageIsDisplayed" time="0.605"/>
  <system-out/>
  <testcase classname="com.Scripts.SimpleFormTest" name="TC_ID_108_VerifySingleCheckBoxIsSelected" time="0.233"/>
  <system-out/>
</testsuite> <!-- com.Scripts.SimpleFormTest -->
